[06/04/23 23:00:59] "BLONIC 2" | https://www.youtube.com/watch?v=Htt1f6icteU
[06/04/23 23:01:44] "BLONIC_SEZ_~_Smoking" | /tmp//BLONIC_SEZ_~_Smoking-TOBet8lhtOs.mkv
[06/04/23 23:09:17] "Gato Fedorento - Planeta de Josés Cids" | https://www.youtube.com/watch?v=_nD6FvV_KQE
[06/04/23 23:09:29] "Gato_Fedorento_-_Curso_de_preparacao_para_casamento" | /tmp//Gato_Fedorento_-_Curso_de_preparacao_para_casamento-oKaJ6tY3PhQ.mkv
[06/04/23 23:28:29] "If Black Sabbath wrote 'Enter Sandman'" | https://www.youtube.com/watch?v=u90hYhx_NkQ
[07/04/23 00:11:40] "NA - If Black Sabbath wrote 'Enter Sandman'.mp4" | /home/fonseca/Videos/yt-dlp/NA - If Black Sabbath wrote 'Enter Sandman'.mp4
[07/04/23 20:04:19] "Vector databases are so hot right now. WTF are they?" | https://www.youtube.com/watch?v=klTvEwg3oJ4
[07/04/23 20:08:03] "Masterclass_-_AI-driven_Development_for_Programmers" | /tmp//Masterclass_-_AI-driven_Development_for_Programmers-iO1mwxPNP5A.mkv
[07/04/23 20:09:32] "Offensive Memes Compilation V24 (YLYL)" | https://www.youtube.com/watch?v=kqrlBEh3eXY
[07/04/23 20:24:04] "Ezra Miller: Child Star to Serial Criminal" | https://www.youtube.com/watch?v=9ILYYSvwncI&t=747s
[08/04/23 00:46:23] "The Most Disturbing Dinosaur Comic" | https://www.youtube.com/watch?v=It28LDO1WoU
[08/04/23 12:08:35] "100 Assassins vs 10 Real Cops!" | https://www.youtube.com/watch?v=ilS38Z0vysA
[08/04/23 13:53:50] "José Diogo Quintela. Eu não sou o betinho do grupo, eles é que são rascas" | https://www.youtube.com/watch?v=-0_IxcAP55c
[08/04/23 17:20:59] "thicc.mp4" | /mnt/googledrive/thicc.mp4
[08/04/23 17:21:04] "tshapedpro.png" | /mnt/googledrive/tshapedpro.png
[09/04/23 12:33:31] "16 One Piece Theories That Will Make Your HEAD SPIN (Seraphim Sanji, Will of D Zoro...)" | https://youtu.be/pkm2Ej1_hBE
[09/04/23 17:21:59] "Vermis: The horror game that doesn't exist" | https://www.youtube.com/watch?v=c6mC_NHEGDY
[09/04/23 17:27:52] "laugh 1 time and you lose, I swear (perfectly cut)" | https://www.youtube.com/watch?v=L__zGSm8quo
[10/04/23 00:36:25] "The Pokémon Manga They Want You To Forget" | https://www.youtube.com/watch?v=cFwVNcmv_lc
[10/04/23 01:04:08] "The Darkest Moments in TV History" | https://www.youtube.com/watch?v=pP4BMKEu5Ss
[10/04/23 01:42:10] "The Darkest Moments in TV History 2" | https://www.youtube.com/watch?v=cy18E9o2L_k
[11/04/23 14:43:56] "2023-04-11 14-42-52.mkv" | /home/fonseca/2023-04-11 14-42-52.mkv
[11/04/23 15:35:50] "2023-04-11 14-45-21.mp4" | /home/fonseca/2023-04-11 14-45-21.mp4
[11/04/23 15:36:05] "2023-04-11 14-46-28.mp4" | /home/fonseca/2023-04-11 14-46-28.mp4
[11/04/23 17:13:27] "2023-04-11 17-12-10.mkv" | /home/fonseca/Videos/2023-04-11 17-12-10.mkv
[12/04/23 00:06:42] "2023-04-12_00-04-20.mkv" | /home/fonseca/Videos/2023-04-12_00-04-20.mkv
[12/04/23 00:07:39] "2023-04-12_00-04-20.mp4" | /home/fonseca/Videos/2023-04-12_00-04-20.mp4
[12/04/23 22:13:21] "Dog of Wisdom II" | https://www.youtube.com/watch?v=TnlakHr-O4w
[13/04/23 00:38:57] "NA - Dog of Wisdom II.mp4" | /home/fonseca/Videos/yt-dlp/NA - Dog of Wisdom II.mp4
[13/04/23 00:53:15] "NA - Dog of Wisdom II.mp4" | /home/fonseca/Videos/yt-dlp//NA - Dog of Wisdom II.mp4
[13/04/23 23:37:47] "Caramelldansen_Japan_2008_Version_SE" | /tmp//Caramelldansen_Japan_2008_Version_SE-SeMXa5lBGYc.mkv
[13/04/23 23:40:21] "Caramella Girls - Caramelldansen (Official English Version)" | https://www.youtube.com/watch?v=A67ZkAd1wmI
[13/04/23 23:51:13] "The Transistor: a 1953 documentary, anticipating its coming impact on technology" | https://www.youtube.com/watch?v=V9xUQWo4vN0
[13/04/23 23:52:57] "Drunk truck driver in Portugal" | https://www.reddit.com/r/portugal/comments/12k28gm/drunk_truck_driver_in_portugal/
[15/04/23 13:11:20] "Let Goku Die" | https://www.youtube.com/watch?v=hwRGw9QRMj4
[15/04/23 13:20:43] "The_Pokemon_Manga_They_Want_You_To_Forget" | /tmp//The_Pokemon_Manga_They_Want_You_To_Forget-cFwVNcmv_lc.mkv
[19/04/23 16:42:21] "dog." | https://youtu.be/XRrJdR1zf5w?t=11
[19/04/23 16:58:59] "insane game for an insane streamer | Deadly Premonition Stream 1 (abridged)" | https://youtu.be/3Bc4chpDyXI?t=2334
[20/04/23 00:14:55] "Trivia Como a Sarada Uchiha acordou o seu Mangekyo Sharingan no Manga de Boruto" | https://youtu.be/wEQpzyCwQDc
[20/04/23 19:21:32] "KONOSUBA -An Explosion on This Wonderful World! - 01 - The Crimson-Eyed Wizards
" | /mnt/data/torrents/Anime/KonoSuba – An Explosion on This Wonderful World!/Season-1/KonoSuba – An Explosion on This Wonderful World!-S01E01-WEBDL-1080p.mkv
[20/04/23 19:29:52] "KONOSUBA -An Explosion on This Wonderful World! - 01 - The Crimson-Eyed Wizards
" | /mnt/data/torrents/Anime/KonoSuba – An Explosion on This Wonderful World!/Season-1/KonoSuba – An Explosion on This Wonderful World!-S01E01-WEBDL-1080p.mkv
[20/04/23 19:31:32] "KONOSUBA -An Explosion on This Wonderful World! - 01 - The Crimson-Eyed Wizards
" | /mnt/data/torrents/Anime/KonoSuba – An Explosion on This Wonderful World!/Season-1/KonoSuba – An Explosion on This Wonderful World!-S01E01-WEBDL-1080p.mkv
[20/04/23 19:32:08] "KONOSUBA -An Explosion on This Wonderful World! - 01 - The Crimson-Eyed Wizards
" | /mnt/data/torrents/Anime/KonoSuba – An Explosion on This Wonderful World!/Season-1/KonoSuba – An Explosion on This Wonderful World!-S01E01-WEBDL-1080p.mkv
[20/04/23 19:54:02] "The Best Terminal Ever! Especially for Windows WSL users." | https://www.youtube.com/watch?v=BtK4gIXSFhY
[20/04/23 20:11:27] "Obscure Lost Media You Should Know About" | https://www.youtube.com/watch?v=VtWFPLLd9lo
[20/04/23 20:13:27] "Deftones - Around the Fur but its the Super Mario 64 Soundfont" | https://www.youtube.com/watch?v=b_IMvinUGXU
[20/04/23 20:23:16] "Hyprland on Arch Install script - V3 Nvidia Support" | https://www.youtube.com/watch?v=pKQ_GCYx-do
[20/04/23 20:40:13] "Trivia A diferença entre o Cell e o Cell Max" | https://www.youtube.com/shorts/11r7zFGvOTQ
[20/04/23 20:52:39] "Evolution_Of_A_Rat_Spinning" | /tmp//Evolution_Of_A_Rat_Spinning-JPRYEUjfZSs.mkv
[20/04/23 20:55:23] "Video_2023-04-20_20-53-27.mp4" | /home/fonseca/Videos/Video_2023-04-20_20-53-27.mp4
[20/04/23 20:58:47] "High quality horizontally spinning rat" | https://www.youtube.com/watch?v=zvTWi0eAybk
[20/04/23 20:58:52] "Video_2023-04-20_20-57-31.mp4" | /home/fonseca/Videos/Video_2023-04-20_20-57-31.mp4
[20/04/23 20:58:53] "Video_2023-04-20_20-58-33.mp4" | /home/fonseca/Videos/Video_2023-04-20_20-58-33.mp4
[20/04/23 21:01:05] "Video_2023-04-20_20-58-36.mp4" | /home/fonseca/Videos/Video_2023-04-20_20-58-36.mp4
[20/04/23 21:55:02] "NHox72e4PpYt=54-[00.53.916-01.09.667]-audio.webm" | /mnt/data/webm/mpvclips/NHox72e4PpYt=54-[00.53.916-01.09.667]-audio.webm
[20/04/23 21:55:06] "noicev-[00.00.000-00.04.566].gif" | /mnt/data/webm/mpvclips/noicev-[00.00.000-00.04.566].gif
[20/04/23 21:55:15] "Dog of Wisdom II [TnlakHr-O4w]-[01.33.250-01.40.208]-audio.webm" | /mnt/data/webm/mpvclips/Dog of Wisdom II [TnlakHr-O4w]-[01.33.250-01.40.208]-audio.webm
[20/04/23 21:55:38] "Dukamitai (@KinoFabino) [KdpjbezndoE].webm" | /mnt/data/webm/mpvclips/Dukamitai (@KinoFabino) [KdpjbezndoE].webm
[20/04/23 22:36:36] "1JV0_eIXIzgt=9573-[2.40.09.650-2.40.21.062]-audio.webm" | /mnt/data/webm/mpvclips/1JV0_eIXIzgt=9573-[2.40.09.650-2.40.21.062]-audio.webm
[21/04/23 14:48:04] "The Owl House-S03E02-WEBDL-1080p Proper.mkv" | /mnt/data/torrents/Series/The Owl House/Season-3/The Owl House-S03E02-WEBDL-1080p Proper.mkv
[21/04/23 16:07:15] "The Owl House-S03E03-WEBDL-1080p.mkv" | /mnt/data/torrents/Series/The Owl House/Season-3/The Owl House-S03E03-WEBDL-1080p.mkv
[21/04/23 16:09:08] "Сталкер. 1979.NL.Lumiere Publishing.1080p.BluRay.-Loops.mkv" | /mnt/data/torrents/Movies/Stalker (1979)/Сталкер. 1979.NL.Lumiere Publishing.1080p.BluRay.-Loops.mkv
[21/04/23 16:22:16] "My Biggest Scandal Yet" | https://www.youtube.com/watch?v=SN11Ia8T438
[21/04/23 16:55:32] "Four-Byte Burger" | https://www.youtube.com/watch?v=i4EFkspO5p4
